192.168.250.3 - - [13/Sep/2018 03:15:26] "POST / HTTP/1.1" 200 -
Traceback (most recent call last):
  File "/usr/lib64/python2.7/SocketServer.py", line 295, in _handle_request_noblock
    self.process_request(request, client_address)
  File "/usr/lib64/python2.7/SocketServer.py", line 321, in process_request
    self.finish_request(request, client_address)
  File "/usr/lib64/python2.7/SocketServer.py", line 334, in finish_request
    self.RequestHandlerClass(request, client_address, self)
  File "/usr/lib64/python2.7/SocketServer.py", line 649, in __init__
    self.handle()
  File "/usr/lib64/python2.7/BaseHTTPServer.py", line 340, in handle
    self.handle_one_request()
  File "/usr/lib64/python2.7/BaseHTTPServer.py", line 328, in handle_one_request
    method()
  File "./webhook.py", line 46, in do_POST
    handle_alarm(data)
  File "./webhook.py", line 64, in handle_alarm
    alarm_value = alarm['metaData']['interfaces']['single']['sampleValue']
KeyError: 'interfaces'
192.168.250.3 - - [13/Sep/2018 14:30:35] "POST / HTTP/1.1" 200 -
Traceback (most recent call last):
  File "/usr/lib64/python2.7/SocketServer.py", line 295, in _handle_request_noblock
    self.process_request(request, client_address)
  File "/usr/lib64/python2.7/SocketServer.py", line 321, in process_request
    self.finish_request(request, client_address)
  File "/usr/lib64/python2.7/SocketServer.py", line 334, in finish_request
    self.RequestHandlerClass(request, client_address, self)
  File "/usr/lib64/python2.7/SocketServer.py", line 649, in __init__
    self.handle()
  File "/usr/lib64/python2.7/BaseHTTPServer.py", line 340, in handle
    self.handle_one_request()
  File "/usr/lib64/python2.7/BaseHTTPServer.py", line 328, in handle_one_request
    method()
  File "./webhook.py", line 46, in do_POST
    handle_alarm(data)
  File "./webhook.py", line 64, in handle_alarm
    alarm_value = alarm['metaData']['interfaces']['single']['sampleValue']
KeyError: 'interfaces'
192.168.250.3 - - [13/Sep/2018 14:44:14] "POST / HTTP/1.1" 200 -
192.168.250.3 - - [13/Sep/2018 14:47:15] "POST / HTTP/1.1" 200 -
WARNING (shell) "heat stack-update" is deprecated, please use "openstack stack update" instead
WARNING (shell) "heat stack-list" is deprecated, please use "openstack stack list" instead
192.168.250.3 - - [13/Sep/2018 14:48:15] "POST / HTTP/1.1" 200 -
WARNING (shell) "heat stack-update" is deprecated, please use "openstack stack update" instead
WARNING (shell) "heat stack-list" is deprecated, please use "openstack stack list" instead
192.168.250.3 - - [13/Sep/2018 14:51:32] "POST / HTTP/1.1" 200 -
Traceback (most recent call last):
  File "/usr/lib64/python2.7/SocketServer.py", line 295, in _handle_request_noblock
    self.process_request(request, client_address)
  File "/usr/lib64/python2.7/SocketServer.py", line 321, in process_request
    self.finish_request(request, client_address)
  File "/usr/lib64/python2.7/SocketServer.py", line 334, in finish_request
    self.RequestHandlerClass(request, client_address, self)
  File "/usr/lib64/python2.7/SocketServer.py", line 651, in __init__
    self.finish()
  File "/usr/lib64/python2.7/SocketServer.py", line 710, in finish
    self.wfile.close()
  File "/usr/lib64/python2.7/socket.py", line 279, in close
    self.flush()
  File "/usr/lib64/python2.7/socket.py", line 303, in flush
    self._sock.sendall(view[write_offset:write_offset+buffer_size])
error: [Errno 32] Broken pipe
192.168.250.3 - - [13/Sep/2018 14:51:32] "POST / HTTP/1.1" 200 -
Traceback (most recent call last):
  File "/usr/lib64/python2.7/SocketServer.py", line 295, in _handle_request_noblock
    self.process_request(request, client_address)
  File "/usr/lib64/python2.7/SocketServer.py", line 321, in process_request
    self.finish_request(request, client_address)
  File "/usr/lib64/python2.7/SocketServer.py", line 334, in finish_request
    self.RequestHandlerClass(request, client_address, self)
  File "/usr/lib64/python2.7/SocketServer.py", line 649, in __init__
    self.handle()
  File "/usr/lib64/python2.7/BaseHTTPServer.py", line 340, in handle
    self.handle_one_request()
  File "/usr/lib64/python2.7/BaseHTTPServer.py", line 328, in handle_one_request
    method()
  File "./webhook.py", line 46, in do_POST
    handle_alarm(data)
  File "./webhook.py", line 64, in handle_alarm
    alarm_value = alarm['metaData']['interfaces']['single']['sampleValue']
KeyError: 'interfaces'
192.168.250.3 - - [13/Sep/2018 14:52:17] "POST / HTTP/1.1" 200 -
WARNING (shell) "heat stack-update" is deprecated, please use "openstack stack update" instead
WARNING (shell) "heat stack-list" is deprecated, please use "openstack stack list" instead
192.168.250.3 - - [13/Sep/2018 14:56:49] "POST / HTTP/1.1" 200 -
192.168.250.3 - - [13/Sep/2018 15:49:15] "POST / HTTP/1.1" 200 -
WARNING (shell) "heat stack-update" is deprecated, please use "openstack stack update" instead
WARNING (shell) "heat stack-list" is deprecated, please use "openstack stack list" instead
